<?xml version="1.0" encoding="utf-8"?><testsuites name="pytest tests"><testsuite name="pytest" errors="0" failures="2" skipped="0" tests="16" time="10.486" timestamp="2026-09-25T11:53:55.773585+00:00" hostname="agent-env-3b256084-ec7d-4b8b-82d9-3f6aa9fcecac"><testcase classname="backend.tests.test_fase2_desarrollo" name="test_formatos_por_tipo[corto-objetivo]" time="0.287" /><testcase classname="backend.tests.test_fase2_desarrollo" name="test_formatos_por_tipo[anuncio-accion]" time="0.067" /><testcase classname="backend.tests.test_fase2_desarrollo" name="test_formatos_por_tipo[imagen-uso]" time="0.068" /><testcase classname="backend.tests.test_fase2_desarrollo" name="test_formatos_por_tipo[serie-episodios]" time="0.066" /><testcase classname="backend.tests.test_fase2_desarrollo" name="test_get_desarrollo_default" time="0.416" /><testcase classname="backend.tests.test_fase2_desarrollo" name="test_put_desarrollo_persist" time="0.140" /><testcase classname="backend.tests.test_fase2_desarrollo" name="test_put_desarrollo_404" time="3.213" /><testcase classname="backend.tests.test_fase2_desarrollo" name="test_desarrollo_listo_marca_paso" time="0.151" /><testcase classname="backend.tests.test_fase2_desarrollo" name="test_asistente_estado_simulado" time="0.143" /><testcase classname="backend.tests.test_fase2_desarrollo" name="test_asistente_estado_claude" time="0.237" /><testcase classname="backend.tests.test_fase2_desarrollo" name="test_asistente_tarea_invalida" time="0.187" /><testcase classname="backend.tests.test_fase2_desarrollo" name="test_asistente_hacer_preguntas_simulado" time="0.140" /><testcase classname="backend.tests.test_fase2_desarrollo" name="test_asistente_proponer_campo_simulado" time="0.069" /><testcase classname="backend.tests.test_fase2_desarrollo" name="test_aceptar_parte_escribe_en_desarrollo" time="0.210"><failure message="KeyError: 'id'">backend/tests/test_fase2_desarrollo.py:176: in test_aceptar_parte_escribe_en_desarrollo
    r2 = s.post(f"{API}/propuestas/{prop['id']}/parte/{parte['id']}", json={"accion": "aceptar", "texto": "texto editado"})
                                    ^^^^^^^^^^
E   KeyError: 'id'</failure></testcase><testcase classname="backend.tests.test_fase2_desarrollo" name="test_descartar_parte_no_escribe" time="0.157"><failure message="KeyError: 'id'">backend/tests/test_fase2_desarrollo.py:190: in test_descartar_parte_no_escribe
    r2 = s.post(f"{API}/propuestas/{prop['id']}/parte/{parte['id']}", json={"accion": "descartar"})
                                    ^^^^^^^^^^
E   KeyError: 'id'</failure></testcase><testcase classname="backend.tests.test_fase2_desarrollo" name="test_asistente_claude_live_una_vez" time="4.791" /></testsuite></testsuites>