<?xml version="1.0" encoding="utf-8"?><testsuites name="pytest tests"><testsuite name="pytest" errors="0" failures="0" skipped="0" tests="30" time="7.172" timestamp="2026-09-25T12:00:01.056003+00:00" hostname="agent-env-3b256084-ec7d-4b8b-82d9-3f6aa9fcecac"><testcase classname="backend.tests.test_fase2_desarrollo" name="test_formatos_por_tipo[corto-objetivo]" time="0.149" /><testcase classname="backend.tests.test_fase2_desarrollo" name="test_formatos_por_tipo[anuncio-accion]" time="0.081" /><testcase classname="backend.tests.test_fase2_desarrollo" name="test_formatos_por_tipo[imagen-uso]" time="0.090" /><testcase classname="backend.tests.test_fase2_desarrollo" name="test_formatos_por_tipo[serie-episodios]" time="0.064" /><testcase classname="backend.tests.test_fase2_desarrollo" name="test_get_desarrollo_default" time="0.407" /><testcase classname="backend.tests.test_fase2_desarrollo" name="test_put_desarrollo_persist" time="0.126" /><testcase classname="backend.tests.test_fase2_desarrollo" name="test_put_desarrollo_404" time="0.061" /><testcase classname="backend.tests.test_fase2_desarrollo" name="test_desarrollo_listo_marca_paso" time="0.145" /><testcase classname="backend.tests.test_fase2_desarrollo" name="test_asistente_estado_simulado" time="0.154" /><testcase classname="backend.tests.test_fase2_desarrollo" name="test_asistente_estado_claude" time="0.199" /><testcase classname="backend.tests.test_fase2_desarrollo" name="test_asistente_tarea_invalida" time="0.155" /><testcase classname="backend.tests.test_fase2_desarrollo" name="test_asistente_hacer_preguntas_simulado" time="0.150" /><testcase classname="backend.tests.test_fase2_desarrollo" name="test_asistente_proponer_campo_simulado" time="0.073" /><testcase classname="backend.tests.test_fase2_desarrollo" name="test_aceptar_parte_escribe_en_desarrollo" time="0.323" /><testcase classname="backend.tests.test_fase2_desarrollo" name="test_descartar_parte_no_escribe" time="0.292" /><testcase classname="backend.tests.test_fase2_desarrollo" name="test_asistente_claude_live_una_vez" time="2.905" /><testcase classname="backend.tests.test_studio_api" name="test_salud" time="0.166" /><testcase classname="backend.tests.test_studio_api" name="test_recorridos_lista" time="0.070" /><testcase classname="backend.tests.test_studio_api" name="test_estudio_inicial_vacio" time="0.069" /><testcase classname="backend.tests.test_studio_api" name="test_ajustes_get_defaults" time="0.068" /><testcase classname="backend.tests.test_studio_api" name="test_ajustes_put_eur_and_persist" time="0.206" /><testcase classname="backend.tests.test_studio_api" name="test_espacio_created_persists" time="0.140" /><testcase classname="backend.tests.test_studio_api" name="test_listar_espacios" time="0.081" /><testcase classname="backend.tests.test_studio_api" name="test_recorrido_pasos_por_tipo[corto-esperado0]" time="0.354" /><testcase classname="backend.tests.test_studio_api" name="test_recorrido_pasos_por_tipo[anuncio-esperado1]" time="0.077" /><testcase classname="backend.tests.test_studio_api" name="test_recorrido_pasos_por_tipo[imagen-esperado2]" time="0.068" /><testcase classname="backend.tests.test_studio_api" name="test_recorrido_pasos_por_tipo[serie-esperado3]" time="0.084" /><testcase classname="backend.tests.test_studio_api" name="test_ultima_ubicacion_guardar_y_leer" time="0.147" /><testcase classname="backend.tests.test_studio_api" name="test_no_auto_content" time="0.069" /><testcase classname="backend.tests.test_studio_api" name="test_cleanup" time="0.141" /></testsuite></testsuites>