<?xml version="1.0" encoding="utf-8"?><testsuites name="pytest tests"><testsuite name="pytest" errors="0" failures="0" skipped="0" tests="14" time="1.891" timestamp="2026-09-24T22:39:10.987692+00:00" hostname="agent-env-3b256084-ec7d-4b8b-82d9-3f6aa9fcecac"><testcase classname="backend.tests.test_studio_api" name="test_salud" time="0.154" /><testcase classname="backend.tests.test_studio_api" name="test_recorridos_lista" time="0.076" /><testcase classname="backend.tests.test_studio_api" name="test_estudio_inicial_vacio" time="0.077" /><testcase classname="backend.tests.test_studio_api" name="test_ajustes_get_defaults" time="0.074" /><testcase classname="backend.tests.test_studio_api" name="test_ajustes_put_eur_and_persist" time="0.226" /><testcase classname="backend.tests.test_studio_api" name="test_espacio_created_persists" time="0.134" /><testcase classname="backend.tests.test_studio_api" name="test_listar_espacios" time="0.064" /><testcase classname="backend.tests.test_studio_api" name="test_recorrido_pasos_por_tipo[corto-esperado0]" time="0.384" /><testcase classname="backend.tests.test_studio_api" name="test_recorrido_pasos_por_tipo[anuncio-esperado1]" time="0.067" /><testcase classname="backend.tests.test_studio_api" name="test_recorrido_pasos_por_tipo[imagen-esperado2]" time="0.066" /><testcase classname="backend.tests.test_studio_api" name="test_recorrido_pasos_por_tipo[serie-esperado3]" time="0.064" /><testcase classname="backend.tests.test_studio_api" name="test_ultima_ubicacion_guardar_y_leer" time="0.135" /><testcase classname="backend.tests.test_studio_api" name="test_no_auto_content" time="0.174" /><testcase classname="backend.tests.test_studio_api" name="test_cleanup" time="0.131" /></testsuite></testsuites>